[INFO] Scanning for projects...
[INFO] 
[INFO] -------------------< com.Proyecto.Medic:MedicSalud >--------------------
[INFO] Building MedicSalud 0.0.1-SNAPSHOT
[INFO]   from pom.xml
[INFO] --------------------------------[ jar ]---------------------------------
[INFO] 
[INFO] --- clean:3.4.1:clean (default-clean) @ MedicSalud ---
[INFO] Deleting C:\Users\Eduardo\Desktop\Desarrollo web\MedicSalud\target
[INFO] 
[INFO] --- resources:3.3.1:resources (default-resources) @ MedicSalud ---
[INFO] Copying 1 resource from src\main\resources to target\classes
[INFO] Copying 1 resource from src\main\resources to target\classes
[INFO] 
[INFO] --- compiler:3.14.0:compile (default-compile) @ MedicSalud ---
[INFO] Recompiling the module because of changed source code.
[INFO] Compiling 130 source files with javac [debug parameters release 17] to target\classes
[INFO] /C:/Users/Eduardo/Desktop/Desarrollo web/MedicSalud/src/main/java/com/Proyecto/Medic/MedicSalud/DTO/MedicoDTO/RegistroMedicoDTO.java: Some input files use or override a deprecated API.
[INFO] /C:/Users/Eduardo/Desktop/Desarrollo web/MedicSalud/src/main/java/com/Proyecto/Medic/MedicSalud/DTO/MedicoDTO/RegistroMedicoDTO.java: Recompile with -Xlint:deprecation for details.
[INFO] Some messages have been simplified; recompile with -Xdiags:verbose to get full output
[INFO] -------------------------------------------------------------
[ERROR] COMPILATION ERROR : 
[INFO] -------------------------------------------------------------
[ERROR] /C:/Users/Eduardo/Desktop/Desarrollo web/MedicSalud/src/main/java/com/Proyecto/Medic/MedicSalud/Mappers/HorarioMedicoMapper.java:[30,38] incompatible types: java.lang.String cannot be converted to java.time.LocalDate
[ERROR] /C:/Users/Eduardo/Desktop/Desarrollo web/MedicSalud/src/main/java/com/Proyecto/Medic/MedicSalud/Service/ReservaService.java:[61,33] cannot find symbol
  symbol:   method findByMedicoAndDia(com.Proyecto.Medic.MedicSalud.Entity.Medico,java.time.DayOfWeek)
  location: variable horarioMedicoRepository of type com.Proyecto.Medic.MedicSalud.Repository.HorarioMedicoRepository
[ERROR] /C:/Users/Eduardo/Desktop/Desarrollo web/MedicSalud/src/main/java/com/Proyecto/Medic/MedicSalud/Service/ReservaService.java:[130,33] cannot find symbol
  symbol:   method findByMedicoAndDia(com.Proyecto.Medic.MedicSalud.Entity.Medico,java.time.DayOfWeek)
  location: variable horarioMedicoRepository of type com.Proyecto.Medic.MedicSalud.Repository.HorarioMedicoRepository
[INFO] 3 errors 
[INFO] -------------------------------------------------------------
[INFO] ------------------------------------------------------------------------
[INFO] BUILD FAILURE
[INFO] ------------------------------------------------------------------------
[INFO] Total time:  4.810 s
[INFO] Finished at: 2025-12-02T19:09:09-05:00
[INFO] ------------------------------------------------------------------------
[ERROR] Failed to execute goal org.apache.maven.plugins:maven-compiler-plugin:3.14.0:compile (default-compile) on project MedicSalud: Compilation failure: Compilation failure: 
[ERROR] /C:/Users/Eduardo/Desktop/Desarrollo web/MedicSalud/src/main/java/com/Proyecto/Medic/MedicSalud/Mappers/HorarioMedicoMapper.java:[30,38] incompatible types: java.lang.String cannot be converted to java.time.LocalDate
[ERROR] /C:/Users/Eduardo/Desktop/Desarrollo web/MedicSalud/src/main/java/com/Proyecto/Medic/MedicSalud/Service/ReservaService.java:[61,33] cannot find symbol
[ERROR]   symbol:   method findByMedicoAndDia(com.Proyecto.Medic.MedicSalud.Entity.Medico,java.time.DayOfWeek)
[ERROR]   location: variable horarioMedicoRepository of type com.Proyecto.Medic.MedicSalud.Repository.HorarioMedicoRepository
[ERROR] /C:/Users/Eduardo/Desktop/Desarrollo web/MedicSalud/src/main/java/com/Proyecto/Medic/MedicSalud/Service/ReservaService.java:[130,33] cannot find symbol
[ERROR]   symbol:   method findByMedicoAndDia(com.Proyecto.Medic.MedicSalud.Entity.Medico,java.time.DayOfWeek)
[ERROR]   location: variable horarioMedicoRepository of type com.Proyecto.Medic.MedicSalud.Repository.HorarioMedicoRepository
[ERROR] -> [Help 1]
[ERROR] 
[ERROR] To see the full stack trace of the errors, re-run Maven with the -e switch.
[ERROR] Re-run Maven using the -X switch to enable full debug logging.
[ERROR] 
[ERROR] For more information about the errors and possible solutions, please read the following articles:
[ERROR] [Help 1] http://cwiki.apache.org/confluence/display/MAVEN/MojoFailureException
